app/Users/ramansama/Desktop/apk/Prompster_Live/app/outputs/logs/manifest-merger-debug-report.txt
-- Merging decision tree log ---
provider#androidx.core.content.FileProvider
INJECTED from src\main\AndroidManifest.xml:110:9-118:20
	android:grantUriPermissions
		ADDED from src\main\AndroidManifest.xml:114:13-47
	android:authorities
		INJECTED from src\main\AndroidManifest.xml
		ADDED from src\main\AndroidManifest.xml:112:13-60
	android:exported
		ADDED from src\main\AndroidManifest.xml:113:13-37
	android:name
		ADDED from src\main\AndroidManifest.xml:111:13-62
manifest
ADDED from src\main\AndroidManifest.xml:2:1-121:12
INJECTED from src\main\AndroidManifest.xml:2:1-121:12
INJECTED from src\main\AndroidManifest.xml:2:1-121:12
INJECTED from src\main\AndroidManifest.xml:2:1-121:12
MERGED from [androidx.multidex:multidex:2.0.0] AndroidManifest.xml:17:1-22:12
MERGED from [androidx.navigation:navigation-ui:2.0.0] AndroidManifest.xml:17:1-22:12
MERGED from [com.google.android.material:material:1.0.0] AndroidManifest.xml:17:1-24:12
MERGED from [cc.cloudist.acplibrary:library:1.2.1] AndroidManifest.xml:2:1-12:12
MERGED from [com.github.f0ris.sweetalert:library:1.5.1] AndroidManifest.xml:2:1-13:12
MERGED from [com.pnikosis:materialish-progress:1.0] AndroidManifest.xml:2:1-17:12
MERGED from [com.facebook.android:facebook-android-sdk:5.15.3] AndroidManifest.xml:21:1-31:12
MERGED from [com.facebook.android:facebook-login:5.15.3] AndroidManifest.xml:21:1-31:12
MERGED from [com.facebook.android:facebook-share:5.15.3] AndroidManifest.xml:21:1-31:12
MERGED from [com.facebook.android:facebook-common:5.15.3] AndroidManifest.xml:21:1-52:12
MERGED from [androidx.appcompat:appcompat:1.1.0] AndroidManifest.xml:17:1-24:12
MERGED from [androidx.constraintlayout:constraintlayout:1.1.3] AndroidManifest.xml:2:1-11:12
MERGED from [com.github.barteksc:android-pdf-viewer:2.0.3] AndroidManifest.xml:2:1-11:12
MERGED from [com.github.barteksc:pdfium-android:1.4.0] AndroidManifest.xml:2:1-16:12
MERGED from [androidx.legacy:legacy-support-v4:1.0.0] AndroidManifest.xml:17:1-22:12
MERGED from [androidx.navigation:navigation-fragment:2.0.0] AndroidManifest.xml:17:1-22:12
MERGED from [androidx.lifecycle:lifecycle-extensions:2.0.0] AndroidManifest.xml:17:1-25:12
MERGED from [com.intuit.ssp:ssp-android:1.0.5] AndroidManifest.xml:2:1-11:12
MERGED from [com.intuit.sdp:sdp-android:1.0.6] AndroidManifest.xml:2:1-11:12
MERGED from [com.google.firebase:firebase-auth:19.3.2] AndroidManifest.xml:17:1-42:12
MERGED from [com.google.android.gms:play-services-auth:18.1.0] AndroidManifest.xml:17:1-40:12
MERGED from [com.otaliastudios:cameraview:1.6.0] AndroidManifest.xml:2:1-34:12
MERGED from [com.android.billingclient:billing:3.0.0] AndroidManifest.xml:2:1-23:12
MERGED from [androidx.room:room-rxjava2:2.2.6] AndroidManifest.xml:17:1-24:12
MERGED from [androidx.room:room-guava:2.2.6] AndroidManifest.xml:17:1-24:12
MERGED from [androidx.room:room-runtime:2.2.6] AndroidManifest.xml:17:1-31:12
MERGED from [com.google.firebase:firebase-auth-interop:19.0.0] AndroidManifest.xml:2:1-10:12
MERGED from [com.google.android.gms:play-services-auth-api-phone:17.0.0] AndroidManifest.xml:2:1-7:12
MERGED from [com.google.android.gms:play-services-auth-base:17.0.0] AndroidManifest.xml:2:1-7:12
MERGED from [com.google.android.gms:play-services-base:17.1.0] AndroidManifest.xml:17:1-29:12
MERGED from [com.google.firebase:firebase-common:19.3.0] AndroidManifest.xml:15:1-39:12
MERGED from [com.google.android.gms:play-services-tasks:17.0.0] AndroidManifest.xml:2:1-9:12
MERGED from [com.google.android.gms:play-services-basement:17.1.1] AndroidManifest.xml:17:1-28:12
MERGED from [androidx.fragment:fragment:1.1.0] AndroidManifest.xml:17:1-24:12
MERGED from [androidx.appcompat:appcompat-resources:1.1.0] AndroidManifest.xml:17:1-24:12
MERGED from [androidx.recyclerview:recyclerview:1.0.0] AndroidManifest.xml:17:1-22:12
MERGED from [androidx.browser:browser:1.0.0-rc01] AndroidManifest.xml:17:1-22:12
MERGED from [androidx.legacy:legacy-support-core-ui:1.0.0] AndroidManifest.xml:17:1-22:12
MERGED from [androidx.drawerlayout:drawerlayout:1.0.0] AndroidManifest.xml:17:1-22:12
MERGED from [androidx.media:media:1.0.0] AndroidManifest.xml:17:1-22:12
MERGED from [androidx.navigation:navigation-runtime:2.0.0] AndroidManifest.xml:17:1-22:12
MERGED from [com.facebook.android:facebook-places:5.15.3] AndroidManifest.xml:21:1-31:12
MERGED from [com.facebook.android:facebook-applinks:5.15.3] AndroidManifest.xml:21:1-31:12
MERGED from [com.facebook.android:facebook-messenger:5.15.3] AndroidManifest.xml:21:1-31:12
MERGED from [com.facebook.android:facebook-core:5.15.3] AndroidManifest.xml:21:1-53:12
MERGED from [androidx.legacy:legacy-support-core-utils:1.0.0] AndroidManifest.xml:17:1-22:12
MERGED from [androidx.transition:transition:1.0.0] AndroidManifest.xml:17:1-22:12
MERGED from [androidx.loader:loader:1.0.0] AndroidManifest.xml:17:1-22:12
MERGED from [androidx.viewpager:viewpager:1.0.0] AndroidManifest.xml:17:1-22:12
MERGED from [androidx.activity:activity:1.0.0] AndroidManifest.xml:17:1-24:12
MERGED from [androidx.vectordrawable:vectordrawable-animated:1.1.0] AndroidManifest.xml:17:1-24:12
MERGED from [androidx.vectordrawable:vectordrawable:1.1.0] AndroidManifest.xml:17:1-24:12
MERGED from [androidx.coordinatorlayout:coordinatorlayout:1.0.0] AndroidManifest.xml:17:1-22:12
MERGED from [androidx.slidingpanelayout:slidingpanelayout:1.0.0] AndroidManifest.xml:17:1-22:12
MERGED from [androidx.customview:customview:1.0.0] AndroidManifest.xml:17:1-22:12
MERGED from [androidx.swiperefreshlayout:swiperefreshlayout:1.0.0] AndroidManifest.xml:17:1-22:12
MERGED from [androidx.asynclayoutinflater:asynclayoutinflater:1.0.0] AndroidManifest.xml:17:1-22:12
MERGED from [androidx.navigation:navigation-common:2.0.0] AndroidManifest.xml:17:1-22:12
MERGED from [androidx.core:core:1.1.0] AndroidManifest.xml:17:1-26:12
MERGED from [androidx.cursoradapter:cursoradapter:1.0.0] AndroidManifest.xml:17:1-22:12
MERGED from [androidx.cardview:cardview:1.0.0] AndroidManifest.xml:17:1-22:12
MERGED from [androidx.localbroadcastmanager:localbroadcastmanager:1.0.0] AndroidManifest.xml:17:1-22:12
MERGED from [com.google.firebase:firebase-components:16.0.0] AndroidManifest.xml:15:1-23:12
MERGED from [androidx.lifecycle:lifecycle-livedata:2.0.0] AndroidManifest.xml:17:1-22:12
MERGED from [androidx.lifecycle:lifecycle-livedata-core:2.0.0] AndroidManifest.xml:17:1-22:12
MERGED from [androidx.arch.core:core-runtime:2.0.1] AndroidManifest.xml:17:1-22:12
MERGED from [androidx.sqlite:sqlite-framework:2.0.1] AndroidManifest.xml:17:1-22:12
MERGED from [androidx.sqlite:sqlite:2.0.1] AndroidManifest.xml:17:1-22:12
MERGED from [androidx.versionedparcelable:versionedparcelable:1.1.0] AndroidManifest.xml:17:1-27:12
MERGED from [androidx.documentfile:documentfile:1.0.0] AndroidManifest.xml:17:1-22:12
MERGED from [androidx.print:print:1.0.0] AndroidManifest.xml:17:1-22:12
MERGED from [androidx.interpolator:interpolator:1.0.0] AndroidManifest.xml:17:1-22:12
MERGED from [androidx.lifecycle:lifecycle-process:2.0.0] AndroidManifest.xml:17:1-30:12
MERGED from [androidx.lifecycle:lifecycle-service:2.0.0] AndroidManifest.xml:17:1-22:12
MERGED from [androidx.lifecycle:lifecycle-runtime:2.1.0] AndroidManifest.xml:17:1-22:12
MERGED from [androidx.lifecycle:lifecycle-viewmodel:2.1.0] AndroidManifest.xml:17:1-22:12
MERGED from [androidx.savedstate:savedstate:1.0.0] AndroidManifest.xml:17:1-24:12
MERGED from [com.android.installreferrer:installreferrer:1.0] AndroidManifest.xml:2:1-13:12
INJECTED from src\main\AndroidManifest.xml:2:1-121:12
INJECTED from src\main\AndroidManifest.xml:2:1-121:12
INJECTED from src\main\AndroidManifest.xml:2:1-121:12
	package
		ADDED from src\main\AndroidManifest.xml:4:5-34
		INJECTED from src\main\AndroidManifest.xml
		INJECTED from src\main\AndroidManifest.xml
	android:versionName
		INJECTED from src\main\AndroidManifest.xml
		ADDED from src\main\AndroidManifest.xml:2:1-121:12
		INJECTED from src\main\AndroidManifest.xml
	xmlns:tools
		ADDED from src\main\AndroidManifest.xml:3:5-51
	android:versionCode
		INJECTED from src\main\AndroidManifest.xml
		ADDED from src\main\AndroidManifest.xml:2:1-121:12
		INJECTED from src\main\AndroidManifest.xml
	xmlns:android
		ADDED from src\main\AndroidManifest.xml:2:11-69
uses-permission#android.permission.ACCESS_WIFI_STATE
ADDED from src\main\AndroidManifest.xml:6:5-75
	android:name
		ADDED from src\main\AndroidManifest.xml:6:22-73
uses-permission#android.permission.ACCESS_NETWORK_STATE
ADDED from src\main\AndroidManifest.xml:7:5-78
	android:name
		ADDED from src\main\AndroidManifest.xml:7:22-76
uses-permission#android.permission.INTERNET
ADDED from src\main\AndroidManifest.xml:8:5-66
	android:name
		ADDED from src\main\AndroidManifest.xml:8:22-64
uses-permission#android.permission.READ_EXTERNAL_STORAGE
ADDED from src\main\AndroidManifest.xml:9:5-79
	android:name
		ADDED from src\main\AndroidManifest.xml:9:22-77
uses-permission#android.permission.WRITE_EXTERNAL_STORAGE
ADDED from src\main\AndroidManifest.xml:10:5-80
	android:name
		ADDED from src\main\AndroidManifest.xml:10:22-78
uses-permission#com.android.vending.BILLING
ADDED from src\main\AndroidManifest.xml:11:5-67
MERGED from [com.android.billingclient:billing:3.0.0] AndroidManifest.xml:10:5-67
MERGED from [com.android.billingclient:billing:3.0.0] AndroidManifest.xml:10:5-67
	android:name
		ADDED from src\main\AndroidManifest.xml:11:22-64
uses-permission#android.permission.CAMERA
ADDED from src\main\AndroidManifest.xml:12:5-65
MERGED from [com.otaliastudios:cameraview:1.6.0] AndroidManifest.xml:11:5-65
MERGED from [com.otaliastudios:cameraview:1.6.0] AndroidManifest.xml:11:5-65
	android:name
		ADDED from src\main\AndroidManifest.xml:12:22-62
uses-permission#android.permission.SYSTEM_ALERT_WINDOW
ADDED from src\main\AndroidManifest.xml:19:5-78
	android:name
		ADDED from src\main\AndroidManifest.xml:19:22-75
uses-permission#android.permission.BLUETOOTH
ADDED from src\main\AndroidManifest.xml:25:5-68
	android:name
		ADDED from src\main\AndroidManifest.xml:25:22-65
uses-permission#android.permission.BLUETOOTH_ADMIN
ADDED from src\main\AndroidManifest.xml:26:5-74
	android:name
		ADDED from src\main\AndroidManifest.xml:26:22-71
uses-permission#android.permission.RECORD_AUDIO
ADDED from src\main\AndroidManifest.xml:27:5-71
	android:name
		ADDED from src\main\AndroidManifest.xml:27:22-68
uses-permission#android.permission.STORAGE
ADDED from src\main\AndroidManifest.xml:28:5-66
	android:name
		ADDED from src\main\AndroidManifest.xml:28:22-63
application
ADDED from src\main\AndroidManifest.xml:31:5-119:19
MERGED from [com.google.android.material:material:1.0.0] AndroidManifest.xml:22:5-20
MERGED from [com.google.android.material:material:1.0.0] AndroidManifest.xml:22:5-20
MERGED from [com.github.f0ris.sweetalert:library:1.5.1] AndroidManifest.xml:11:5-20
MERGED from [com.github.f0ris.sweetalert:library:1.5.1] AndroidManifest.xml:11:5-20
MERGED from [com.pnikosis:materialish-progress:1.0] AndroidManifest.xml:11:5-15:19
MERGED from [com.pnikosis:materialish-progress:1.0] AndroidManifest.xml:11:5-15:19
MERGED from [com.facebook.android:facebook-android-sdk:5.15.3] AndroidManifest.xml:28:5-29:19
MERGED from [com.facebook.android:facebook-android-sdk:5.15.3] AndroidManifest.xml:28:5-29:19
MERGED from [com.facebook.android:facebook-login:5.15.3] AndroidManifest.xml:28:5-29:19
MERGED from [com.facebook.android:facebook-login:5.15.3] AndroidManifest.xml:28:5-29:19
MERGED from [com.facebook.android:facebook-share:5.15.3] AndroidManifest.xml:28:5-29:19
MERGED from [com.facebook.android:facebook-share:5.15.3] AndroidManifest.xml:28:5-29:19
MERGED from [com.facebook.android:facebook-common:5.15.3] AndroidManifest.xml:29:5-50:19
MERGED from [com.facebook.android:facebook-common:5.15.3] AndroidManifest.xml:29:5-50:19
MERGED from [androidx.constraintlayout:constraintlayout:1.1.3] AndroidManifest.xml:9:5-20
MERGED from [androidx.constraintlayout:constraintlayout:1.1.3] AndroidManifest.xml:9:5-20
MERGED from [com.github.barteksc:pdfium-android:1.4.0] AndroidManifest.xml:11:5-14:19
MERGED from [com.github.barteksc:pdfium-android:1.4.0] AndroidManifest.xml:11:5-14:19
MERGED from [androidx.lifecycle:lifecycle-extensions:2.0.0] AndroidManifest.xml:22:5-23:19
MERGED from [androidx.lifecycle:lifecycle-extensions:2.0.0] AndroidManifest.xml:22:5-23:19
MERGED from [com.google.firebase:firebase-auth:19.3.2] AndroidManifest.xml:23:5-40:19
MERGED from [com.google.firebase:firebase-auth:19.3.2] AndroidManifest.xml:23:5-40:19
MERGED from [com.google.android.gms:play-services-auth:18.1.0] AndroidManifest.xml:22:5-38:19
MERGED from [com.google.android.gms:play-services-auth:18.1.0] AndroidManifest.xml:22:5-38:19
MERGED from [com.otaliastudios:cameraview:1.6.0] AndroidManifest.xml:32:5-20
MERGED from [com.otaliastudios:cameraview:1.6.0] AndroidManifest.xml:32:5-20
MERGED from [com.android.billingclient:billing:3.0.0] AndroidManifest.xml:12:5-21:19
MERGED from [com.android.billingclient:billing:3.0.0] AndroidManifest.xml:12:5-21:19
MERGED from [androidx.room:room-runtime:2.2.6] AndroidManifest.xml:24:5-29:19
MERGED from [androidx.room:room-runtime:2.2.6] AndroidManifest.xml:24:5-29:19
MERGED from [com.google.firebase:firebase-auth-interop:19.0.0] AndroidManifest.xml:7:5-8:19
MERGED from [com.google.firebase:firebase-auth-interop:19.0.0] AndroidManifest.xml:7:5-8:19
MERGED from [com.google.android.gms:play-services-base:17.1.0] AndroidManifest.xml:22:5-27:19
MERGED from [com.google.android.gms:play-services-base:17.1.0] AndroidManifest.xml:22:5-27:19
MERGED from [com.google.firebase:firebase-common:19.3.0] AndroidManifest.xml:25:5-37:19
MERGED from [com.google.firebase:firebase-common:19.3.0] AndroidManifest.xml:25:5-37:19
MERGED from [com.google.android.gms:play-services-tasks:17.0.0] AndroidManifest.xml:7:5-20
MERGED from [com.google.android.gms:play-services-tasks:17.0.0] AndroidManifest.xml:7:5-20
MERGED from [com.google.android.gms:play-services-basement:17.1.1] AndroidManifest.xml:22:5-26:19
MERGED from [com.google.android.gms:play-services-basement:17.1.1] AndroidManifest.xml:22:5-26:19
MERGED from [com.facebook.android:facebook-places:5.15.3] AndroidManifest.xml:28:5-29:19
MERGED from [com.facebook.android:facebook-places:5.15.3] AndroidManifest.xml:28:5-29:19
MERGED from [com.facebook.android:facebook-applinks:5.15.3] AndroidManifest.xml:28:5-29:19
MERGED from [com.facebook.android:facebook-applinks:5.15.3] AndroidManifest.xml:28:5-29:19
MERGED from [com.facebook.android:facebook-messenger:5.15.3] AndroidManifest.xml:28:5-29:19
MERGED from [com.facebook.android:facebook-messenger:5.15.3] AndroidManifest.xml:28:5-29:19
MERGED from [com.facebook.android:facebook-core:5.15.3] AndroidManifest.xml:28:5-51:19
MERGED from [com.facebook.android:facebook-core:5.15.3] AndroidManifest.xml:28:5-51:19
MERGED from [androidx.core:core:1.1.0] AndroidManifest.xml:24:5-89
MERGED from [androidx.core:core:1.1.0] AndroidManifest.xml:24:5-89
MERGED from [androidx.versionedparcelable:versionedparcelable:1.1.0] AndroidManifest.xml:24:5-25:19
MERGED from [androidx.versionedparcelable:versionedparcelable:1.1.0] AndroidManifest.xml:24:5-25:19
MERGED from [androidx.lifecycle:lifecycle-process:2.0.0] AndroidManifest.xml:22:5-28:19
MERGED from [androidx.lifecycle:lifecycle-process:2.0.0] AndroidManifest.xml:22:5-28:19
MERGED from [com.android.installreferrer:installreferrer:1.0] AndroidManifest.xml:11:5-20
MERGED from [com.android.installreferrer:installreferrer:1.0] AndroidManifest.xml:11:5-20
	android:requestLegacyExternalStorage
		ADDED from src\main\AndroidManifest.xml:37:9-52
	tools:ignore
		ADDED from src\main\AndroidManifest.xml:44:9-48
	android:roundIcon
		ADDED from src\main\AndroidManifest.xml:39:9-55
	android:largeHeap
		ADDED from src\main\AndroidManifest.xml:35:9-33
	android:icon
		ADDED from src\main\AndroidManifest.xml:33:9-50
		REJECTED from [com.pnikosis:materialish-progress:1.0] AndroidManifest.xml:13:9-45
	android:networkSecurityConfig
		ADDED from src\main\AndroidManifest.xml:38:9-69
	android:screenOrientation
		ADDED from src\main\AndroidManifest.xml:42:9-45
	android:appComponentFactory
		ADDED from [androidx.core:core:1.1.0] AndroidManifest.xml:24:18-86
	android:supportsRtl
		ADDED from src\main\AndroidManifest.xml:40:9-35
	android:label
		ADDED from src\main\AndroidManifest.xml:34:9-41
	android:allowBackup
		ADDED from src\main\AndroidManifest.xml:36:9-36
		REJECTED from [com.pnikosis:materialish-progress:1.0] AndroidManifest.xml:12:9-35
		REJECTED from [com.github.barteksc:pdfium-android:1.4.0] AndroidManifest.xml:12:9-35
	android:theme
		ADDED from src\main\AndroidManifest.xml:41:9-40
	tools:replace
		ADDED from src\main\AndroidManifest.xml:45:9-57
	android:usesCleartextTraffic
		ADDED from src\main\AndroidManifest.xml:43:9-44
	android:name
		ADDED from src\main\AndroidManifest.xml:32:9-47
activity#com.scriptively.app.Activity.ui.HowToVideo
ADDED from src\main\AndroidManifest.xml:46:9-78
	android:name
		ADDED from src\main\AndroidManifest.xml:46:19-76
activity#com.scriptively.app.Activity.SpecificFolder
ADDED from src\main\AndroidManifest.xml:47:9-80
	android:name
		ADDED from src\main\AndroidManifest.xml:47:19-77
activity#com.scriptively.app.Activity.Teleprompter_Screen
ADDED from src\main\AndroidManifest.xml:48:9-85
	android:name
		ADDED from src\main\AndroidManifest.xml:48:19-82
activity#com.scriptively.app.Activity.Welcome
ADDED from src\main\AndroidManifest.xml:49:9-73
	android:name
		ADDED from src\main\AndroidManifest.xml:49:19-70
activity#com.scriptively.app.Activity.Text_AlignMents
ADDED from src\main\AndroidManifest.xml:50:9-81
	android:name
		ADDED from src\main\AndroidManifest.xml:50:19-78
activity#com.scriptively.app.Activity.In_app
ADDED from src\main\AndroidManifest.xml:51:9-72
	android:name
		ADDED from src\main\AndroidManifest.xml:51:19-69
activity#com.scriptively.app.Activity.Profile_Activity
ADDED from src\main\AndroidManifest.xml:52:9-82
	android:name
		ADDED from src\main\AndroidManifest.xml:52:19-79
activity#com.scriptively.app.Activity.Script_Toolbar
ADDED from src\main\AndroidManifest.xml:53:9-55:55
	android:windowSoftInputMode
		ADDED from src\main\AndroidManifest.xml:55:13-52
	android:name
		ADDED from src\main\AndroidManifest.xml:54:13-71
activity#com.scriptively.app.Activity.Signup_FirstScreen
ADDED from src\main\AndroidManifest.xml:56:9-84
	android:name
		ADDED from src\main\AndroidManifest.xml:56:19-81
activity#com.scriptively.app.Activity.Script_first
ADDED from src\main\AndroidManifest.xml:57:9-78
	android:name
		ADDED from src\main\AndroidManifest.xml:57:19-75
activity#com.scriptively.app.Activity.GoogleDriveFiles
ADDED from src\main\AndroidManifest.xml:58:9-82
	android:name
		ADDED from src\main\AndroidManifest.xml:58:19-79
activity#com.scriptively.app.Activity.DropBox
ADDED from src\main\AndroidManifest.xml:59:9-73
	android:name
		ADDED from src\main\AndroidManifest.xml:59:19-70
activity#com.dropbox.core.android.AuthActivity
ADDED from src\main\AndroidManifest.xml:60:9-74:20
	android:launchMode
		ADDED from src\main\AndroidManifest.xml:63:13-44
	android:configChanges
		ADDED from src\main\AndroidManifest.xml:62:13-57
	android:name
		ADDED from src\main\AndroidManifest.xml:61:13-65
intent-filter#action:name:android.intent.action.VIEW+category:name:android.intent.category.BROWSABLE+category:name:android.intent.category.DEFAULT+data:scheme:db-ogp2q4yg0nntd1o
ADDED from src\main\AndroidManifest.xml:64:13-73:29
data
ADDED from src\main\AndroidManifest.xml:67:17-61
	android:scheme
		ADDED from src\main\AndroidManifest.xml:67:23-58
action#android.intent.action.VIEW
ADDED from src\main\AndroidManifest.xml:69:17-69
	android:name
		ADDED from src\main\AndroidManifest.xml:69:25-66
category#android.intent.category.BROWSABLE
ADDED from src\main\AndroidManifest.xml:71:17-78
	android:name
		ADDED from src\main\AndroidManifest.xml:71:27-75
category#android.intent.category.DEFAULT
ADDED from src\main\AndroidManifest.xml:72:17-76
	android:name
		ADDED from src\main\AndroidManifest.xml:72:27-73
activity#com.scriptively.app.Activity.Navigation
ADDED from src\main\AndroidManifest.xml:75:9-79:55
	android:label
		ADDED from src\main\AndroidManifest.xml:77:13-57
	android:windowSoftInputMode
		ADDED from src\main\AndroidManifest.xml:79:13-52
	android:theme
		ADDED from src\main\AndroidManifest.xml:78:13-56
	android:name
		ADDED from src\main\AndroidManifest.xml:76:13-67
receiver#com.scriptively.app.Utils.ConnectivityChangeReceiver
ADDED from src\main\AndroidManifest.xml:81:9-85:20
	android:name
		ADDED from src\main\AndroidManifest.xml:81:19-86
intent-filter#action:name:android.net.conn.CONNECTIVITY_CHANGE
ADDED from src\main\AndroidManifest.xml:82:13-84:29
action#android.net.conn.CONNECTIVITY_CHANGE
ADDED from src\main\AndroidManifest.xml:83:17-79
	android:name
		ADDED from src\main\AndroidManifest.xml:83:25-76
activity#com.facebook.FacebookActivity
ADDED from src\main\AndroidManifest.xml:87:9-90:48
MERGED from [com.facebook.android:facebook-common:5.15.3] AndroidManifest.xml:30:9-33:66
MERGED from [com.facebook.android:facebook-common:5.15.3] AndroidManifest.xml:30:9-33:66
	android:label
		ADDED from src\main\AndroidManifest.xml:90:13-45
	android:configChanges
		ADDED from src\main\AndroidManifest.xml:89:13-96
	android:theme
		ADDED from [com.facebook.android:facebook-common:5.15.3] AndroidManifest.xml:33:13-63
	android:name
		ADDED from src\main\AndroidManifest.xml:88:13-57
activity#com.scriptively.app.Activity.Script_Screen
ADDED from src\main\AndroidManifest.xml:91:9-79
	android:name
		ADDED from src\main\AndroidManifest.xml:91:19-76
activity#com.scriptively.app.Activity.Reset_Password
ADDED from src\main\AndroidManifest.xml:92:9-80
	android:name
		ADDED from src\main\AndroidManifest.xml:92:19-77
activity#com.scriptively.app.Activity.SignUp_Screen
ADDED from src\main\AndroidManifest.xml:93:9-79
	android:name
		ADDED from src\main\AndroidManifest.xml:93:19-76
activity#com.scriptively.app.Activity.Login_Screen
ADDED from src\main\AndroidManifest.xml:94:9-78
	android:name
		ADDED from src\main\AndroidManifest.xml:94:19-75
activity#com.scriptively.app.Activity.Splash_Activity
ADDED from src\main\AndroidManifest.xml:95:9-103:20
	tools:ignore
		ADDED from src\main\AndroidManifest.xml:97:13-53
	android:name
		ADDED from src\main\AndroidManifest.xml:96:13-72
intent-filter#action:name:android.intent.action.MAIN+category:name:android.intent.category.LAUNCHER
ADDED from src\main\AndroidManifest.xml:98:13-102:29
action#android.intent.action.MAIN
ADDED from src\main\AndroidManifest.xml:99:17-69
	android:name
		ADDED from src\main\AndroidManifest.xml:99:25-66
category#android.intent.category.LAUNCHER
ADDED from src\main\AndroidManifest.xml:101:17-77
	android:name
		ADDED from src\main\AndroidManifest.xml:101:27-74
activity#com.scriptively.app.MainActivity
ADDED from src\main\AndroidManifest.xml:104:9-69
	android:name
		ADDED from src\main\AndroidManifest.xml:104:19-66
meta-data#com.facebook.sdk.ApplicationId
ADDED from src\main\AndroidManifest.xml:106:9-108:53
	android:value
		ADDED from src\main\AndroidManifest.xml:108:13-50
	android:name
		ADDED from src\main\AndroidManifest.xml:107:13-58
uses-sdk
INJECTED from src\main\AndroidManifest.xml reason: use-sdk injection requested
INJECTED from src\main\AndroidManifest.xml
INJECTED from src\main\AndroidManifest.xml
MERGED from [androidx.multidex:multidex:2.0.0] AndroidManifest.xml:20:5-43
MERGED from [androidx.multidex:multidex:2.0.0] AndroidManifest.xml:20:5-43
MERGED from [androidx.navigation:navigation-ui:2.0.0] AndroidManifest.xml:20:5-44
MERGED from [androidx.navigation:navigation-ui:2.0.0] AndroidManifest.xml:20:5-44
MERGED from [com.google.android.material:material:1.0.0] AndroidManifest.xml:20:5-44
MERGED from [com.google.android.material:material:1.0.0] AndroidManifest.xml:20:5-44
MERGED from [cc.cloudist.acplibrary:library:1.2.1] AndroidManifest.xml:8:5-10:41
MERGED from [cc.cloudist.acplibrary:library:1.2.1] AndroidManifest.xml:8:5-10:41
MERGED from [com.github.f0ris.sweetalert:library:1.5.1] AndroidManifest.xml:7:5-9:41
MERGED from [com.github.f0ris.sweetalert:library:1.5.1] AndroidManifest.xml:7:5-9:41
MERGED from [com.pnikosis:materialish-progress:1.0] AndroidManifest.xml:7:5-9:41
MERGED from [com.pnikosis:materialish-progress:1.0] AndroidManifest.xml:7:5-9:41
MERGED from [com.facebook.android:facebook-android-sdk:5.15.3] AndroidManifest.xml:24:5-26:41
MERGED from [com.facebook.android:facebook-android-sdk:5.15.3] AndroidManifest.xml:24:5-26:41
MERGED from [com.facebook.android:facebook-login:5.15.3] AndroidManifest.xml:24:5-26:41
MERGED from [com.facebook.android:facebook-login:5.15.3] AndroidManifest.xml:24:5-26:41
MERGED from [com.facebook.android:facebook-share:5.15.3] AndroidManifest.xml:24:5-26:41
MERGED from [com.facebook.android:facebook-share:5.15.3] AndroidManifest.xml:24:5-26:41
MERGED from [com.facebook.android:facebook-common:5.15.3] AndroidManifest.xml:25:5-27:41
MERGED from [com.facebook.android:facebook-common:5.15.3] AndroidManifest.xml:25:5-27:41
MERGED from [androidx.appcompat:appcompat:1.1.0] AndroidManifest.xml:20:5-22:41
MERGED from [androidx.appcompat:appcompat:1.1.0] AndroidManifest.xml:20:5-22:41
MERGED from [androidx.constraintlayout:constraintlayout:1.1.3] AndroidManifest.xml:5:5-7:41
MERGED from [androidx.constraintlayout:constraintlayout:1.1.3] AndroidManifest.xml:5:5-7:41
MERGED from [com.github.barteksc:android-pdf-viewer:2.0.3] AndroidManifest.xml:7:5-9:41
MERGED from [com.github.barteksc:android-pdf-viewer:2.0.3] AndroidManifest.xml:7:5-9:41
MERGED from [com.github.barteksc:pdfium-android:1.4.0] AndroidManifest.xml:7:5-9:41
MERGED from [com.github.barteksc:pdfium-android:1.4.0] AndroidManifest.xml:7:5-9:41
MERGED from [androidx.legacy:legacy-support-v4:1.0.0] AndroidManifest.xml:20:5-44
MERGED from [androidx.legacy:legacy-support-v4:1.0.0] AndroidManifest.xml:20:5-44
MERGED from [androidx.navigation:navigation-fragment:2.0.0] AndroidManifest.xml:20:5-44
MERGED from [androidx.navigation:navigation-fragment:2.0.0] AndroidManifest.xml:20:5-44
MERGED from [androidx.lifecycle:lifecycle-extensions:2.0.0] AndroidManifest.xml:20:5-44
MERGED from [androidx.lifecycle:lifecycle-extensions:2.0.0] AndroidManifest.xml:20:5-44
MERGED from [com.intuit.ssp:ssp-android:1.0.5] AndroidManifest.xml:7:5-9:41
MERGED from [com.intuit.ssp:ssp-android:1.0.5] AndroidManifest.xml:7:5-9:41
MERGED from [com.intuit.sdp:sdp-android:1.0.6] AndroidManifest.xml:7:5-9:41
MERGED from [com.intuit.sdp:sdp-android:1.0.6] AndroidManifest.xml:7:5-9:41
MERGED from [com.google.firebase:firebase-auth:19.3.2] AndroidManifest.xml:21:5-44
MERGED from [com.google.firebase:firebase-auth:19.3.2] AndroidManifest.xml:21:5-44
MERGED from [com.google.android.gms:play-services-auth:18.1.0] AndroidManifest.xml:20:5-44
MERGED from [com.google.android.gms:play-services-auth:18.1.0] AndroidManifest.xml:20:5-44
MERGED from [com.otaliastudios:cameraview:1.6.0] AndroidManifest.xml:7:5-9:41
MERGED from [com.otaliastudios:cameraview:1.6.0] AndroidManifest.xml:7:5-9:41
MERGED from [com.android.billingclient:billing:3.0.0] AndroidManifest.xml:6:5-8:41
MERGED from [com.android.billingclient:billing:3.0.0] AndroidManifest.xml:6:5-8:41
MERGED from [androidx.room:room-rxjava2:2.2.6] AndroidManifest.xml:20:5-22:41
MERGED from [androidx.room:room-rxjava2:2.2.6] AndroidManifest.xml:20:5-22:41
MERGED from [androidx.room:room-guava:2.2.6] AndroidManifest.xml:20:5-22:41
MERGED from [androidx.room:room-guava:2.2.6] AndroidManifest.xml:20:5-22:41
MERGED from [androidx.room:room-runtime:2.2.6] AndroidManifest.xml:20:5-22:41
MERGED from [androidx.room:room-runtime:2.2.6] AndroidManifest.xml:20:5-22:41
MERGED from [com.google.firebase:firebase-auth-interop:19.0.0] AndroidManifest.xml:5:5-44
MERGED from [com.google.firebase:firebase-auth-interop:19.0.0] AndroidManifest.xml:5:5-44
MERGED from [com.google.android.gms:play-services-auth-api-phone:17.0.0] AndroidManifest.xml:5:5-44
MERGED from [com.google.android.gms:play-services-auth-api-phone:17.0.0] AndroidManifest.xml:5:5-44
MERGED from [com.google.android.gms:play-services-auth-base:17.0.0] AndroidManifest.xml:5:5-44
MERGED from [com.google.android.gms:play-services-auth-base:17.0.0] AndroidManifest.xml:5:5-44
MERGED from [com.google.android.gms:play-services-base:17.1.0] AndroidManifest.xml:20:5-44
MERGED from [com.google.android.gms:play-services-base:17.1.0] AndroidManifest.xml:20:5-44
MERGED from [com.google.firebase:firebase-common:19.3.0] AndroidManifest.xml:20:5-22:41
MERGED from [com.google.firebase:firebase-common:19.3.0] AndroidManifest.xml:20:5-22:41
MERGED from [com.google.android.gms:play-services-tasks:17.0.0] AndroidManifest.xml:5:5-44
MERGED from [com.google.android.gms:play-services-tasks:17.0.0] AndroidManifest.xml:5:5-44
MERGED from [com.google.android.gms:play-services-basement:17.1.1] AndroidManifest.xml:20:5-44
MERGED from [com.google.android.gms:play-services-basement:17.1.1] AndroidManifest.xml:20:5-44
MERGED from [androidx.fragment:fragment:1.1.0] AndroidManifest.xml:20:5-22:41
MERGED from [androidx.fragment:fragment:1.1.0] AndroidManifest.xml:20:5-22:41
MERGED from [androidx.appcompat:appcompat-resources:1.1.0] AndroidManifest.xml:20:5-22:41
MERGED from [androidx.appcompat:appcompat-resources:1.1.0] AndroidManifest.xml:20:5-22:41
MERGED from [androidx.recyclerview:recyclerview:1.0.0] AndroidManifest.xml:20:5-44
MERGED from [androidx.recyclerview:recyclerview:1.0.0] AndroidManifest.xml:20:5-44
MERGED from [androidx.browser:browser:1.0.0-rc01] AndroidManifest.xml:20:5-44
MERGED from [androidx.browser:browser:1.0.0-rc01] AndroidManifest.xml:20:5-44
MERGED from [androidx.legacy:legacy-support-core-ui:1.0.0] AndroidManifest.xml:20:5-44
MERGED from [androidx.legacy:legacy-support-core-ui:1.0.0] AndroidManifest.xml:20:5-44
MERGED from [androidx.drawerlayout:drawerlayout:1.0.0] AndroidManifest.xml:20:5-44
MERGED from [androidx.drawerlayout:drawerlayout:1.0.0] AndroidManifest.xml:20:5-44